<?xml version="1.0" encoding="UTF-8"?>
<!-- Generated by org.testng.reporters.JUnitXMLReporter -->
<testsuite ignored="6" hostname="DESKTOP-MKNCP1I" failures="0" tests="8" name="Test1" time="0.08" errors="0" timestamp="27 Mar 2019 08:57:39 GMT">
  <testcase classname="org.testng.arshad.Class1" name="f" time="0.006"/>
  <testcase classname="org.testng.arshad.Class1" name="f1" time="0.001"/>
  <testcase classname="org.testng.arshad.Class1" name="f2" time="0.002"/>
  <testcase classname="org.testng.arshad.Class2" name="f" time="0.001"/>
  <testcase classname="org.testng.arshad.Class2" name="f1" time="0.002"/>
  <testcase classname="org.testng.arshad.Class2" name="f2" time="0.004"/>
  <testcase classname="org.testng.arshad.Class3" name="f" time="0.002"/>
  <testcase classname="org.testng.arshad.Class4" name="f" time="0.001"/>
  <testcase classname="org.testng.arshad.SuperTestClass" name="@BeforeTest beforeTest" time="0.0">
    <ignored/>
  </testcase> <!-- @BeforeTest beforeTest -->
  <testcase classname="org.testng.arshad.SuperTestClass" name="@BeforeTest beforeTest" time="0.0">
    <ignored/>
  </testcase> <!-- @BeforeTest beforeTest -->
  <testcase classname="org.testng.arshad.SuperTestClass" name="@BeforeTest beforeTest" time="0.0">
    <ignored/>
  </testcase> <!-- @BeforeTest beforeTest -->
  <testcase classname="org.testng.arshad.SuperTestClass" name="@AfterSuite afterSuite" time="0.0">
    <ignored/>
  </testcase> <!-- @AfterSuite afterSuite -->
  <testcase classname="org.testng.arshad.SuperTestClass" name="@AfterSuite afterSuite" time="0.0">
    <ignored/>
  </testcase> <!-- @AfterSuite afterSuite -->
  <testcase classname="org.testng.arshad.SuperTestClass" name="@AfterSuite afterSuite" time="0.0">
    <ignored/>
  </testcase> <!-- @AfterSuite afterSuite -->
</testsuite> <!-- Test1 -->
